INFO: [VRFC 10-2263] Analyzing Verilog file "C:/Users/hp/Desktop/NeuralNetwork2/Tut-8/src/fpga/rtl/Layer_1.v" into library xil_defaultlib
INFO: [VRFC 10-311] analyzing module Layer_1
INFO: [VRFC 10-2263] Analyzing Verilog file "C:/Users/hp/Desktop/NeuralNetwork2/Tut-8/src/fpga/rtl/Layer_2.v" into library xil_defaultlib
INFO: [VRFC 10-311] analyzing module Layer_2
INFO: [VRFC 10-2263] Analyzing Verilog file "C:/Users/hp/Desktop/NeuralNetwork2/Tut-8/src/fpga/rtl/Layer_3.v" into library xil_defaultlib
INFO: [VRFC 10-311] analyzing module Layer_3
INFO: [VRFC 10-2263] Analyzing Verilog file "C:/Users/hp/Desktop/NeuralNetwork2/Tut-8/src/fpga/rtl/Sig_ROM.v" into library xil_defaultlib
INFO: [VRFC 10-311] analyzing module Sig_ROM
INFO: [VRFC 10-2263] Analyzing Verilog file "C:/Users/hp/Desktop/NeuralNetwork2/Tut-8/src/fpga/rtl/Weight_Memory.v" into library xil_defaultlib
INFO: [VRFC 10-311] analyzing module Weight_Memory
INFO: [VRFC 10-2263] Analyzing Verilog file "C:/Users/hp/Desktop/NeuralNetwork2/Tut-8/src/fpga/rtl/axi_lite_wrapper.v" into library xil_defaultlib
INFO: [VRFC 10-311] analyzing module axi_lite_wrapper
INFO: [VRFC 10-2263] Analyzing Verilog file "C:/Users/hp/Desktop/NeuralNetwork2/Tut-8/src/fpga/rtl/maxFinder.v" into library xil_defaultlib
INFO: [VRFC 10-311] analyzing module maxFinder
INFO: [VRFC 10-2263] Analyzing Verilog file "C:/Users/hp/Desktop/NeuralNetwork2/Tut-8/src/fpga/rtl/neuron.v" into library xil_defaultlib
INFO: [VRFC 10-311] analyzing module neuron
INFO: [VRFC 10-2263] Analyzing Verilog file "C:/Users/hp/Desktop/NeuralNetwork2/Tut-8/src/fpga/rtl/relu.v" into library xil_defaultlib
INFO: [VRFC 10-311] analyzing module ReLU
INFO: [VRFC 10-2263] Analyzing Verilog file "C:/Users/hp/Desktop/NeuralNetwork2/Tut-8/src/fpga/rtl/zynet.v" into library xil_defaultlib
INFO: [VRFC 10-311] analyzing module zyNet
INFO: [VRFC 10-2263] Analyzing Verilog file "C:/Users/hp/Desktop/NeuralNetwork2/Tut-8/src/fpga/tb/top_sim.v" into library xil_defaultlib
INFO: [VRFC 10-311] analyzing module top_sim
ERROR: [VRFC 10-9568] first argument of '$readmemb' must be a file name [C:/Users/hp/Desktop/NeuralNetwork2/Tut-8/src/fpga/tb/top_sim.v:206]
ERROR: [VRFC 10-9568] first argument of '$readmemb' must be a file name [C:/Users/hp/Desktop/NeuralNetwork2/Tut-8/src/fpga/tb/top_sim.v:263]
ERROR: [VRFC 10-9568] first argument of '$readmemb' must be a file name [C:/Users/hp/Desktop/NeuralNetwork2/Tut-8/src/fpga/tb/top_sim.v:276]
ERROR: [VRFC 10-8530] module 'top_sim' is ignored due to previous errors [C:/Users/hp/Desktop/NeuralNetwork2/Tut-8/src/fpga/tb/top_sim.v:26]
